<?xml version="1.0" encoding="UTF-8"?>
<!-- Generated by org.testng.reporters.JUnitXMLReporter -->
<testsuite hostname="Nejlas-MacBook-Air.local" ignored="0" name="Default test" tests="3" failures="0" timestamp="24 Jul 2018 23:49:37 GMT" time="96.997" errors="0">
  <testcase name="bookAFlight" time="36.935" classname="com.travelocity.Travelocity"/>
  <testcase name="bookHotel" time="3.556" classname="com.travelocity.Travelocity"/>
  <testcase name="rentACar" time="7.427" classname="com.travelocity.Travelocity"/>
</testsuite> <!-- Default test -->
