<?xml version="1.0" encoding="UTF-8"?>
<testng-results skipped="0" failed="0" ignored="0" total="3" passed="3">
  <reporter-output>
  </reporter-output>
  <suite name="Default suite" duration-ms="96997" started-at="2018-07-24T23:48:00Z" finished-at="2018-07-24T23:49:37Z">
    <groups>
    </groups>
    <test name="Default test" duration-ms="96997" started-at="2018-07-24T23:48:00Z" finished-at="2018-07-24T23:49:37Z">
      <class name="com.travelocity.Travelocity">
        <test-method status="PASS" signature="setUp()[pri:0, instance:com.travelocity.Travelocity@343f4d3d]" name="setUp" is-config="true" duration-ms="23038" started-at="2018-07-24T23:48:00Z" finished-at="2018-07-24T23:48:23Z">
          <reporter-output>
          </reporter-output>
        </test-method> <!-- setUp -->
        <test-method status="PASS" signature="bookAFlight()[pri:0, instance:com.travelocity.Travelocity@343f4d3d]" name="bookAFlight" duration-ms="36935" started-at="2018-07-24T23:48:23Z" finished-at="2018-07-24T23:49:00Z">
          <reporter-output>
          </reporter-output>
        </test-method> <!-- bookAFlight -->
        <test-method status="PASS" signature="tearDown()[pri:0, instance:com.travelocity.Travelocity@343f4d3d]" name="tearDown" is-config="true" duration-ms="139" started-at="2018-07-24T23:49:00Z" finished-at="2018-07-24T23:49:00Z">
          <reporter-output>
          </reporter-output>
        </test-method> <!-- tearDown -->
        <test-method status="PASS" signature="setUp()[pri:0, instance:com.travelocity.Travelocity@343f4d3d]" name="setUp" is-config="true" duration-ms="12025" started-at="2018-07-24T23:49:00Z" finished-at="2018-07-24T23:49:12Z">
          <reporter-output>
          </reporter-output>
        </test-method> <!-- setUp -->
        <test-method status="PASS" signature="bookHotel()[pri:0, instance:com.travelocity.Travelocity@343f4d3d]" name="bookHotel" duration-ms="3556" started-at="2018-07-24T23:49:12Z" finished-at="2018-07-24T23:49:16Z">
          <reporter-output>
          </reporter-output>
        </test-method> <!-- bookHotel -->
        <test-method status="PASS" signature="tearDown()[pri:0, instance:com.travelocity.Travelocity@343f4d3d]" name="tearDown" is-config="true" duration-ms="160" started-at="2018-07-24T23:49:16Z" finished-at="2018-07-24T23:49:16Z">
          <reporter-output>
          </reporter-output>
        </test-method> <!-- tearDown -->
        <test-method status="PASS" signature="setUp()[pri:0, instance:com.travelocity.Travelocity@343f4d3d]" name="setUp" is-config="true" duration-ms="13514" started-at="2018-07-24T23:49:16Z" finished-at="2018-07-24T23:49:29Z">
          <reporter-output>
          </reporter-output>
        </test-method> <!-- setUp -->
        <test-method status="PASS" signature="rentACar()[pri:0, instance:com.travelocity.Travelocity@343f4d3d]" name="rentACar" duration-ms="7427" started-at="2018-07-24T23:49:29Z" finished-at="2018-07-24T23:49:37Z">
          <reporter-output>
          </reporter-output>
        </test-method> <!-- rentACar -->
        <test-method status="PASS" signature="tearDown()[pri:0, instance:com.travelocity.Travelocity@343f4d3d]" name="tearDown" is-config="true" duration-ms="117" started-at="2018-07-24T23:49:37Z" finished-at="2018-07-24T23:49:37Z">
          <reporter-output>
          </reporter-output>
        </test-method> <!-- tearDown -->
      </class> <!-- com.travelocity.Travelocity -->
    </test> <!-- Default test -->
  </suite> <!-- Default suite -->
</testng-results>
